[2023-10-20T14:53:40.668+0000] {taskinstance.py:1159} INFO - Dependencies all met for dep_context=non-requeueable deps ti=<TaskInstance: simple.pokelist manual__2023-10-20T14:47:06.541173+00:00 [queued]>
[2023-10-20T14:53:40.676+0000] {taskinstance.py:1159} INFO - Dependencies all met for dep_context=requeueable deps ti=<TaskInstance: simple.pokelist manual__2023-10-20T14:47:06.541173+00:00 [queued]>
[2023-10-20T14:53:40.676+0000] {taskinstance.py:1361} INFO - Starting attempt 1 of 2
[2023-10-20T14:53:40.690+0000] {taskinstance.py:1382} INFO - Executing <Task(BashOperator): pokelist> on 2023-10-20 14:47:06.541173+00:00
[2023-10-20T14:53:40.698+0000] {standard_task_runner.py:57} INFO - Started process 5639 to run task
[2023-10-20T14:53:40.708+0000] {standard_task_runner.py:84} INFO - Running: ['***', 'tasks', 'run', 'simple', 'pokelist', 'manual__2023-10-20T14:47:06.541173+00:00', '--job-id', '82', '--raw', '--subdir', 'DAGS_FOLDER/pokelist.py', '--cfg-path', '/tmp/tmp3tipvipg']
[2023-10-20T14:53:40.714+0000] {standard_task_runner.py:85} INFO - Job 82: Subtask pokelist
[2023-10-20T14:53:40.792+0000] {task_command.py:416} INFO - Running <TaskInstance: simple.pokelist manual__2023-10-20T14:47:06.541173+00:00 [running]> on host 4662b0d5ca37
[2023-10-20T14:53:40.879+0000] {taskinstance.py:1662} INFO - Exporting env vars: AIRFLOW_CTX_DAG_EMAIL='***@***.com' AIRFLOW_CTX_DAG_OWNER='***' AIRFLOW_CTX_DAG_ID='simple' AIRFLOW_CTX_TASK_ID='pokelist' AIRFLOW_CTX_EXECUTION_DATE='2023-10-20T14:47:06.541173+00:00' AIRFLOW_CTX_TRY_NUMBER='1' AIRFLOW_CTX_DAG_RUN_ID='manual__2023-10-20T14:47:06.541173+00:00'
[2023-10-20T14:53:40.885+0000] {subprocess.py:63} INFO - Tmp dir root location: /tmp
[2023-10-20T14:53:40.886+0000] {subprocess.py:75} INFO - Running command: ['/bin/bash', '-c', 'python3 /opt/***/scripts/pokelist.py']
[2023-10-20T14:53:40.902+0000] {subprocess.py:86} INFO - Output:
[2023-10-20T14:53:41.788+0000] {subprocess.py:93} INFO - /home/***/.local/lib/python3.9/site-packages/pyspark/bin/load-spark-env.sh: line 68: ps: command not found
[2023-10-20T14:53:44.652+0000] {subprocess.py:93} INFO - Setting default log level to "WARN".
[2023-10-20T14:53:44.652+0000] {subprocess.py:93} INFO - To adjust logging level use sc.setLogLevel(newLevel). For SparkR, use setLogLevel(newLevel).
[2023-10-20T14:53:44.911+0000] {subprocess.py:93} INFO - 23/10/20 14:53:44 WARN NativeCodeLoader: Unable to load native-hadoop library for your platform... using builtin-java classes where applicable
[2023-10-20T14:53:45.940+0000] {subprocess.py:93} INFO - 23/10/20 14:53:45 WARN Utils: Service 'SparkUI' could not bind on port 4040. Attempting port 4041.
[2023-10-20T14:53:45.941+0000] {subprocess.py:93} INFO - 23/10/20 14:53:45 WARN Utils: Service 'SparkUI' could not bind on port 4041. Attempting port 4042.
[2023-10-20T14:54:54.067+0000] {subprocess.py:93} INFO - [Stage 0:>                                                          (0 + 0) / 4][Stage 0:>                                                          (0 + 4) / 4][Stage 0:==============>                                            (1 + 3) / 4]                                                                                ----------------------------------------
[2023-10-20T14:54:54.085+0000] {subprocess.py:93} INFO - Exception occurred during processing of request from ('127.0.0.1', 51362)
[2023-10-20T14:54:54.093+0000] {subprocess.py:93} INFO - Traceback (most recent call last):
[2023-10-20T14:54:54.093+0000] {subprocess.py:93} INFO -   File "/usr/local/lib/python3.9/socketserver.py", line 316, in _handle_request_noblock
[2023-10-20T14:54:54.094+0000] {subprocess.py:93} INFO -     self.process_request(request, client_address)
[2023-10-20T14:54:54.094+0000] {subprocess.py:93} INFO -   File "/usr/local/lib/python3.9/socketserver.py", line 347, in process_request
[2023-10-20T14:54:54.094+0000] {subprocess.py:93} INFO -     self.finish_request(request, client_address)
[2023-10-20T14:54:54.094+0000] {subprocess.py:93} INFO -   File "/usr/local/lib/python3.9/socketserver.py", line 360, in finish_request
[2023-10-20T14:54:54.094+0000] {subprocess.py:93} INFO -     self.RequestHandlerClass(request, client_address, self)
[2023-10-20T14:54:54.094+0000] {subprocess.py:93} INFO -   File "/usr/local/lib/python3.9/socketserver.py", line 747, in __init__
[2023-10-20T14:54:54.094+0000] {subprocess.py:93} INFO -     self.handle()
[2023-10-20T14:54:54.095+0000] {subprocess.py:93} INFO -   File "/home/***/.local/lib/python3.9/site-packages/pyspark/accumulators.py", line 295, in handle
[2023-10-20T14:54:54.095+0000] {subprocess.py:93} INFO -     poll(accum_updates)
[2023-10-20T14:54:54.095+0000] {subprocess.py:93} INFO -   File "/home/***/.local/lib/python3.9/site-packages/pyspark/accumulators.py", line 267, in poll
[2023-10-20T14:54:54.095+0000] {subprocess.py:93} INFO -     if self.rfile in r and func():
[2023-10-20T14:54:54.095+0000] {subprocess.py:93} INFO -   File "/home/***/.local/lib/python3.9/site-packages/pyspark/accumulators.py", line 271, in accum_updates
[2023-10-20T14:54:54.097+0000] {subprocess.py:93} INFO -     num_updates = read_int(self.rfile)
[2023-10-20T14:54:54.098+0000] {subprocess.py:93} INFO -   File "/home/***/.local/lib/python3.9/site-packages/pyspark/serializers.py", line 596, in read_int
[2023-10-20T14:54:54.098+0000] {subprocess.py:93} INFO -     raise EOFError
[2023-10-20T14:54:54.099+0000] {subprocess.py:93} INFO - EOFError
[2023-10-20T14:54:54.099+0000] {subprocess.py:93} INFO - ----------------------------------------
[2023-10-20T14:54:54.111+0000] {subprocess.py:93} INFO - ERROR:root:Exception while sending command.
[2023-10-20T14:54:54.113+0000] {subprocess.py:93} INFO - Traceback (most recent call last):
[2023-10-20T14:54:54.113+0000] {subprocess.py:93} INFO -   File "/home/***/.local/lib/python3.9/site-packages/py4j/clientserver.py", line 516, in send_command
[2023-10-20T14:54:54.114+0000] {subprocess.py:93} INFO -     raise Py4JNetworkError("Answer from Java side is empty")
[2023-10-20T14:54:54.114+0000] {subprocess.py:93} INFO - py4j.protocol.Py4JNetworkError: Answer from Java side is empty
[2023-10-20T14:54:54.114+0000] {subprocess.py:93} INFO - 
[2023-10-20T14:54:54.114+0000] {subprocess.py:93} INFO - During handling of the above exception, another exception occurred:
[2023-10-20T14:54:54.114+0000] {subprocess.py:93} INFO - 
[2023-10-20T14:54:54.114+0000] {subprocess.py:93} INFO - Traceback (most recent call last):
[2023-10-20T14:54:54.114+0000] {subprocess.py:93} INFO -   File "/home/***/.local/lib/python3.9/site-packages/py4j/java_gateway.py", line 1038, in send_command
[2023-10-20T14:54:54.115+0000] {subprocess.py:93} INFO -     response = connection.send_command(command)
[2023-10-20T14:54:54.115+0000] {subprocess.py:93} INFO -   File "/home/***/.local/lib/python3.9/site-packages/py4j/clientserver.py", line 539, in send_command
[2023-10-20T14:54:54.115+0000] {subprocess.py:93} INFO -     raise Py4JNetworkError(
[2023-10-20T14:54:54.115+0000] {subprocess.py:93} INFO - py4j.protocol.Py4JNetworkError: Error while sending or receiving
[2023-10-20T14:54:54.115+0000] {subprocess.py:93} INFO - A Requisição de nº 1 coletou 50 Pokemons
[2023-10-20T14:54:54.115+0000] {subprocess.py:93} INFO - A Requisição de nº 2 coletou 50 Pokemons
[2023-10-20T14:54:54.115+0000] {subprocess.py:93} INFO - A Requisição de nº 3 coletou 50 Pokemons
[2023-10-20T14:54:54.115+0000] {subprocess.py:93} INFO - A Requisição de nº 4 coletou 50 Pokemons
[2023-10-20T14:54:54.116+0000] {subprocess.py:93} INFO - A Requisição de nº 5 coletou 50 Pokemons
[2023-10-20T14:54:54.133+0000] {subprocess.py:93} INFO - A Requisição de nº 6 coletou 50 Pokemons
[2023-10-20T14:54:54.133+0000] {subprocess.py:93} INFO - A Requisição de nº 7 coletou 50 Pokemons
[2023-10-20T14:54:54.134+0000] {subprocess.py:93} INFO - A Requisição de nº 8 coletou 50 Pokemons
[2023-10-20T14:54:54.134+0000] {subprocess.py:93} INFO - A Requisição de nº 9 coletou 50 Pokemons
[2023-10-20T14:54:54.135+0000] {subprocess.py:93} INFO - A Requisição de nº 10 coletou 50 Pokemons
[2023-10-20T14:54:54.135+0000] {subprocess.py:93} INFO - A Requisição de nº 11 coletou 50 Pokemons
[2023-10-20T14:54:54.135+0000] {subprocess.py:93} INFO - A Requisição de nº 12 coletou 50 Pokemons
[2023-10-20T14:54:54.144+0000] {subprocess.py:93} INFO - A Requisição de nº 13 coletou 50 Pokemons
[2023-10-20T14:54:54.145+0000] {subprocess.py:93} INFO - A Requisição de nº 14 coletou 50 Pokemons
[2023-10-20T14:54:54.145+0000] {subprocess.py:93} INFO - A Requisição de nº 15 coletou 50 Pokemons
[2023-10-20T14:54:54.146+0000] {subprocess.py:93} INFO - A Requisição de nº 16 coletou 50 Pokemons
[2023-10-20T14:54:54.306+0000] {subprocess.py:93} INFO - A Requisição de nº 17 coletou 50 Pokemons
[2023-10-20T14:54:54.306+0000] {subprocess.py:93} INFO - A Requisição de nº 18 coletou 50 Pokemons
[2023-10-20T14:54:54.306+0000] {subprocess.py:93} INFO - A Requisição de nº 19 coletou 50 Pokemons
[2023-10-20T14:54:54.306+0000] {subprocess.py:93} INFO - A Requisição de nº 20 coletou 50 Pokemons
[2023-10-20T14:54:54.306+0000] {subprocess.py:93} INFO - A Requisição de nº 21 coletou 50 Pokemons
[2023-10-20T14:54:54.360+0000] {subprocess.py:93} INFO - A Requisição de nº 22 coletou 50 Pokemons
[2023-10-20T14:54:54.360+0000] {subprocess.py:93} INFO - A Requisição de nº 23 coletou 50 Pokemons
[2023-10-20T14:54:54.360+0000] {subprocess.py:93} INFO - A Requisição de nº 24 coletou 50 Pokemons
[2023-10-20T14:54:54.360+0000] {subprocess.py:93} INFO - A Requisição de nº 25 coletou 50 Pokemons
[2023-10-20T14:54:54.360+0000] {subprocess.py:93} INFO - A Requisição de nº 26 coletou 42 Pokemons
[2023-10-20T14:54:54.360+0000] {subprocess.py:93} INFO - Traceback (most recent call last):
[2023-10-20T14:54:54.360+0000] {subprocess.py:93} INFO -   File "/opt/***/scripts/pokelist.py", line 43, in <module>
[2023-10-20T14:54:54.360+0000] {subprocess.py:93} INFO -     df_pokes = df_pokes.withColumn("datalog", sf.lit(now))
[2023-10-20T14:54:54.361+0000] {subprocess.py:93} INFO -   File "/home/***/.local/lib/python3.9/site-packages/pyspark/sql/dataframe.py", line 5170, in withColumn
[2023-10-20T14:54:54.361+0000] {subprocess.py:93} INFO -     return DataFrame(self._jdf.withColumn(colName, col._jc), self.sparkSession)
[2023-10-20T14:54:54.361+0000] {subprocess.py:93} INFO -   File "/home/***/.local/lib/python3.9/site-packages/py4j/java_gateway.py", line 1322, in __call__
[2023-10-20T14:54:54.361+0000] {subprocess.py:93} INFO -     return_value = get_return_value(
[2023-10-20T14:54:54.361+0000] {subprocess.py:93} INFO -   File "/home/***/.local/lib/python3.9/site-packages/pyspark/errors/exceptions/captured.py", line 179, in deco
[2023-10-20T14:54:54.361+0000] {subprocess.py:93} INFO -     return f(*a, **kw)
[2023-10-20T14:54:54.361+0000] {subprocess.py:93} INFO -   File "/home/***/.local/lib/python3.9/site-packages/py4j/protocol.py", line 334, in get_return_value
[2023-10-20T14:54:54.361+0000] {subprocess.py:93} INFO -     raise Py4JError(
[2023-10-20T14:54:54.361+0000] {subprocess.py:93} INFO - py4j.protocol.Py4JError: An error occurred while calling o37.withColumn
[2023-10-20T14:54:55.318+0000] {subprocess.py:97} INFO - Command exited with return code 1
[2023-10-20T14:54:55.411+0000] {taskinstance.py:1937} ERROR - Task failed with exception
Traceback (most recent call last):
  File "/home/airflow/.local/lib/python3.9/site-packages/airflow/operators/bash.py", line 210, in execute
    raise AirflowException(
airflow.exceptions.AirflowException: Bash command failed. The command returned a non-zero exit code 1.
[2023-10-20T14:54:55.467+0000] {taskinstance.py:1400} INFO - Marking task as UP_FOR_RETRY. dag_id=simple, task_id=pokelist, execution_date=20231020T144706, start_date=20231020T145340, end_date=20231020T145455
[2023-10-20T14:54:55.633+0000] {standard_task_runner.py:104} ERROR - Failed to execute job 82 for task pokelist (Bash command failed. The command returned a non-zero exit code 1.; 5639)
[2023-10-20T14:54:55.732+0000] {local_task_job_runner.py:228} INFO - Task exited with return code 1
[2023-10-20T14:54:55.825+0000] {taskinstance.py:2778} INFO - 0 downstream tasks scheduled from follow-on schedule check
